2025-09-12 20:53:00 | WARN | repo=arquillian-phantom-binary | action=edit | files=1
2025-02-15 15:12:00 | INFO | repo=arquillian-phantom-binary | action=test | passed=true
2025-09-17 21:20:00 | DEBUG | repo=arquillian-phantom-binary | action=commit
2025-02-02 17:47:00 | DEBUG | repo=arquillian-phantom-binary | action=commit
2025-08-14 15:18:00 | WARN | repo=arquillian-phantom-binary | action=commit
2025-02-13 08:41:00 | WARN | repo=arquillian-phantom-binary | action=commit
2025-04-06 18:23:00 | INFO | repo=arquillian-phantom-binary | action=commit
2025-10-06 10:47:00 | WARN | repo=arquillian-phantom-binary | action=edit | files=4
2025-04-10 08:00:00 | WARN | repo=arquillian-phantom-binary | action=commit
2025-03-01 08:16:00 | DEBUG | repo=arquillian-phantom-binary | action=test | passed=true
2025-05-28 21:09:00 | INFO | repo=arquillian-phantom-binary | action=commit
2025-06-24 08:59:00 | INFO | repo=arquillian-phantom-binary | action=commit
2025-10-28 11:48:00 | DEBUG | repo=arquillian-phantom-binary | action=commit
2025-02-05 12:19:00 | INFO | repo=arquillian-phantom-binary | action=commit
2025-03-03 10:26:00 | DEBUG | repo=arquillian-phantom-binary | action=test | passed=true
2025-01-17 11:26:00 | WARN | repo=arquillian-phantom-binary | action=pull
2025-06-16 14:18:00 | DEBUG | repo=arquillian-phantom-binary | action=commit
2025-04-25 08:41:00 | DEBUG | repo=arquillian-phantom-binary | action=commit
2025-11-07 19:42:00 | WARN | repo=arquillian-phantom-binary | action=commit
2025-06-16 07:11:00 | INFO | repo=arquillian-phantom-binary | action=commit
2025-02-22 21:44:00 | INFO | repo=arquillian-phantom-binary | action=commit
2025-03-04 21:08:00 | INFO | repo=arquillian-phantom-binary | action=commit
2025-02-15 12:45:00 | DEBUG | repo=arquillian-phantom-binary | action=commit
2025-06-25 07:58:00 | DEBUG | repo=arquillian-phantom-binary | action=test | passed=true
2025-01-04 17:10:00 | INFO | repo=arquillian-phantom-binary | action=edit | files=4
2025-07-12 19:26:00 | WARN | repo=arquillian-phantom-binary | action=test | passed=true
2025-06-01 13:47:00 | INFO | repo=arquillian-phantom-binary | action=commit
2025-05-15 13:26:00 | DEBUG | repo=arquillian-phantom-binary | action=commit
2025-02-23 14:49:00 | DEBUG | repo=arquillian-phantom-binary | action=commit
2025-12-12 20:10:00 | WARN | repo=arquillian-phantom-binary | action=commit
2025-03-01 14:53:00 | DEBUG | repo=arquillian-phantom-binary | action=test | passed=true
2025-01-08 18:05:00 | DEBUG | repo=arquillian-phantom-binary | action=commit
2025-02-01 18:59:00 | DEBUG | repo=arquillian-phantom-binary | action=test | passed=true
2025-06-04 17:30:00 | WARN | repo=arquillian-phantom-binary | action=commit
2025-01-17 13:18:00 | WARN | repo=arquillian-phantom-binary | action=test | passed=true
2025-12-24 11:47:00 | DEBUG | repo=arquillian-phantom-binary | action=pull
2025-04-27 17:32:00 | WARN | repo=arquillian-phantom-binary | action=pull
2025-07-06 18:25:00 | WARN | repo=arquillian-phantom-binary | action=commit
2025-05-04 07:10:00 | INFO | repo=arquillian-phantom-binary | action=commit
2025-06-18 14:56:00 | WARN | repo=arquillian-phantom-binary | action=commit
2025-07-12 18:16:00 | INFO | repo=arquillian-phantom-binary | action=commit
2025-08-12 08:15:00 | WARN | repo=arquillian-phantom-binary | action=pull
2025-10-26 17:30:00 | WARN | repo=arquillian-phantom-binary | action=commit
2025-11-27 08:54:00 | DEBUG | repo=arquillian-phantom-binary | action=test | passed=true
2025-01-22 08:49:00 | INFO | repo=arquillian-phantom-binary | action=commit
2025-08-17 12:48:00 | INFO | repo=arquillian-phantom-binary | action=edit | files=5
2025-03-27 20:40:00 | WARN | repo=arquillian-phantom-binary | action=commit
2025-04-12 09:57:00 | INFO | repo=arquillian-phantom-binary | action=commit
2025-01-23 12:06:00 | WARN | repo=arquillian-phantom-binary | action=edit | files=5
2025-10-27 13:59:00 | INFO | repo=arquillian-phantom-binary | action=commit
2025-05-24 16:01:00 | INFO | repo=arquillian-phantom-binary | action=edit | files=5
2025-08-24 07:06:00 | WARN | repo=arquillian-phantom-binary | action=commit
2025-02-05 18:40:00 | WARN | repo=arquillian-phantom-binary | action=test | passed=true
2025-09-23 08:13:00 | INFO | repo=arquillian-phantom-binary | action=commit
2025-07-05 18:21:00 | WARN | repo=arquillian-phantom-binary | action=edit | files=4
2025-12-26 20:07:00 | INFO | repo=arquillian-phantom-binary | action=commit
2025-11-22 13:22:00 | DEBUG | repo=arquillian-phantom-binary | action=commit
2025-09-24 15:01:00 | INFO | repo=arquillian-phantom-binary | action=commit
2025-03-11 12:40:00 | WARN | repo=arquillian-phantom-binary | action=test | passed=true
2025-09-24 13:24:00 | INFO | repo=arquillian-phantom-binary | action=pull
2025-06-06 13:55:00 | WARN | repo=arquillian-phantom-binary | action=commit
2025-09-21 12:05:00 | WARN | repo=arquillian-phantom-binary | action=commit
2025-09-20 08:14:00 | DEBUG | repo=arquillian-phantom-binary | action=test | passed=true
2025-09-13 07:22:00 | DEBUG | repo=arquillian-phantom-binary | action=commit
2025-10-13 21:46:00 | WARN | repo=arquillian-phantom-binary | action=edit | files=4
2025-01-15 16:48:00 | DEBUG | repo=arquillian-phantom-binary | action=commit
2025-07-03 07:57:00 | DEBUG | repo=arquillian-phantom-binary | action=commit
2025-04-12 13:48:00 | DEBUG | repo=arquillian-phantom-binary | action=commit
2025-09-25 11:53:00 | WARN | repo=arquillian-phantom-binary | action=commit
2025-09-16 19:48:00 | INFO | repo=arquillian-phantom-binary | action=commit
2025-03-20 13:27:00 | DEBUG | repo=arquillian-phantom-binary | action=commit
2025-10-23 17:39:00 | INFO | repo=arquillian-phantom-binary | action=commit
2025-02-27 13:22:00 | INFO | repo=arquillian-phantom-binary | action=edit | files=4
2025-08-10 12:29:00 | INFO | repo=arquillian-phantom-binary | action=commit
2025-03-13 13:27:00 | INFO | repo=arquillian-phantom-binary | action=commit
2025-04-16 20:47:00 | WARN | repo=arquillian-phantom-binary | action=pull
2025-02-22 18:48:00 | WARN | repo=arquillian-phantom-binary | action=commit
2025-03-20 20:02:00 | WARN | repo=arquillian-phantom-binary | action=commit
2025-10-01 09:12:00 | INFO | repo=arquillian-phantom-binary | action=commit
2025-11-12 09:01:00 | INFO | repo=arquillian-phantom-binary | action=commit
2025-04-25 17:30:00 | INFO | repo=arquillian-phantom-binary | action=commit
2025-05-02 10:13:00 | DEBUG | repo=arquillian-phantom-binary | action=commit
2025-09-19 10:53:00 | DEBUG | repo=arquillian-phantom-binary | action=commit
2025-03-17 20:34:00 | DEBUG | repo=arquillian-phantom-binary | action=commit
2025-12-16 10:04:00 | WARN | repo=arquillian-phantom-binary | action=commit
2025-01-27 16:53:00 | WARN | repo=arquillian-phantom-binary | action=pull
2025-02-02 07:21:00 | INFO | repo=arquillian-phantom-binary | action=edit | files=5
2025-04-14 13:48:00 | INFO | repo=arquillian-phantom-binary | action=commit
2025-04-15 09:52:00 | DEBUG | repo=arquillian-phantom-binary | action=commit
2025-02-23 08:26:00 | INFO | repo=arquillian-phantom-binary | action=edit | files=3
2025-06-21 14:25:00 | DEBUG | repo=arquillian-phantom-binary | action=commit
2025-08-20 13:55:00 | WARN | repo=arquillian-phantom-binary | action=commit
2025-03-19 16:20:00 | INFO | repo=arquillian-phantom-binary | action=commit
2025-12-01 07:09:00 | INFO | repo=arquillian-phantom-binary | action=pull
2025-02-02 14:44:00 | WARN | repo=arquillian-phantom-binary | action=test | passed=true
2025-08-04 11:03:00 | DEBUG | repo=arquillian-phantom-binary | action=pull
2025-02-02 18:51:00 | WARN | repo=arquillian-phantom-binary | action=commit
2025-11-28 07:19:00 | INFO | repo=arquillian-phantom-binary | action=commit
2025-12-26 07:23:00 | DEBUG | repo=arquillian-phantom-binary | action=commit
2025-02-18 14:06:00 | INFO | repo=arquillian-phantom-binary | action=commit
2025-09-09 07:49:00 | INFO | repo=arquillian-phantom-binary | action=commit
2025-08-04 09:19:00 | WARN | repo=arquillian-phantom-binary | action=commit
2025-01-02 19:39:00 | INFO | repo=arquillian-phantom-binary | action=commit
2025-05-05 08:26:00 | INFO | repo=arquillian-phantom-binary | action=commit
2025-03-24 18:26:00 | INFO | repo=arquillian-phantom-binary | action=commit
2025-03-25 18:20:00 | INFO | repo=arquillian-phantom-binary | action=commit
2025-01-24 18:14:00 | WARN | repo=arquillian-phantom-binary | action=edit | files=3
2025-04-23 19:21:00 | WARN | repo=arquillian-phantom-binary | action=edit | files=5
2025-09-23 13:08:00 | WARN | repo=arquillian-phantom-binary | action=commit
